<?xml version="1.0" encoding="UTF-8"?><testsuite errors="0" failures="0" name="Testing different request on the best buy application" skipped="4" tests="4" time="0.0" timestamp="2023-08-22T20:38:32.763+01:00[Europe/London]"><testcase name="Check if the best buy applications product api can be accessed by GET request"><skipped/></testcase><testcase name="Check if the best buy applications product api can be accessed by POST request"><skipped/></testcase><testcase name="Check if the best buy applications product api can be accessed by PUT request"><skipped/></testcase><testcase name="Check if the best buy applications product api can be accessed by DELETE request"><skipped/></testcase></testsuite>